<?xml version="1.0" encoding="UTF-8" ?>
<testsuite errors="0" failures="0" hostname="DesktopKirill" name="ShotTest" skipped="0" tests="9" time="0.047" timestamp="2021-05-27T07:37:33">
  <properties>
    <property name="java.vendor" value="Oracle Corporation" />
    <property name="ant.junit.lib" value="lib/ant-junit-1.6.4.jar" />
    <property name="sun.java.launcher" value="SUN_STANDARD" />
    <property name="sun.management.compiler" value="HotSpot 64-Bit Tiered Compilers" />
    <property name="os.name" value="Windows 10" />
    <property name="sun.boot.class.path" value="C:\Program Files\Java\jdk1.8.0_161\jre\lib\resources.jar;C:\Program Files\Java\jdk1.8.0_161\jre\lib\rt.jar;C:\Program Files\Java\jdk1.8.0_161\jre\lib\sunrsasign.jar;C:\Program Files\Java\jdk1.8.0_161\jre\lib\jsse.jar;C:\Program Files\Java\jdk1.8.0_161\jre\lib\jce.jar;C:\Program Files\Java\jdk1.8.0_161\jre\lib\charsets.jar;C:\Program Files\Java\jdk1.8.0_161\jre\lib\jfr.jar;C:\Program Files\Java\jdk1.8.0_161\jre\classes" />
    <property name="compiled.classes" value="build/classes" />
    <property name="compiled.tests" value="build/tests" />
    <property name="sun.desktop" value="windows" />
    <property name="java.vm.specification.vendor" value="Oracle Corporation" />
    <property name="ant.home" value="C:\Program Files\Apache-ant\apache-ant-1.10.10\bin\.." />
    <property name="java.runtime.version" value="1.8.0_161-b12" />
    <property name="user.name" value="rroog" />
    <property name="main" value="src/main" />
    <property name="test.results" value="results" />
    <property name="alt.jar" value="res/AntLabAlt3.jar" />
    <property name="user.language" value="ru" />
    <property name="sun.boot.library.path" value="C:\Program Files\Java\jdk1.8.0_161\jre\bin" />
    <property name="ant.project.name" value="AntLab3" />
    <property name="java.version" value="1.8.0_161" />
    <property name="version" value="1.0" />
    <property name="user.timezone" value="" />
    <property name="sun.arch.data.model" value="64" />
    <property name="java.endorsed.dirs" value="C:\Program Files\Java\jdk1.8.0_161\jre\lib\endorsed" />
    <property name="jar" value="res/AntLab3.jar" />
    <property name="sun.cpu.isalist" value="amd64" />
    <property name="sun.jnu.encoding" value="Cp1251" />
    <property name="hamcrest-core" value="lib/hamcrest-core-1.3.jar" />
    <property name="file.encoding.pkg" value="sun.io" />
    <property name="music" value="build/music" />
    <property name="file.separator" value="\" />
    <property name="java.specification.name" value="Java Platform API Specification" />
    <property name="java.class.version" value="52.0" />
    <property name="src" value="src" />
    <property name="user.country" value="RU" />
    <property name="java.home" value="C:\Program Files\Java\jdk1.8.0_161\jre" />
    <property name="java.vm.info" value="mixed mode" />
    <property name="ant.file" value="C:\MyProjects\Java\Web\AntLab3\build.xml" />
    <property name="os.version" value="10.0" />
    <property name="junit.lib" value="lib/junit-4.13.jar" />
    <property name="ant.file.type.AntLab3" value="file" />
    <property name="path.separator" value=";" />
    <property name="java.vm.version" value="25.161-b12" />
    <property name="user.variant" value="" />
    <property name="ant.library.dir" value="C:\Program Files\Apache-ant\apache-ant-1.10.10\lib" />
    <property name="java.awt.printerjob" value="sun.awt.windows.WPrinterJob" />
    <property name="sun.io.unicode.encoding" value="UnicodeLittle" />
    <property name="awt.toolkit" value="sun.awt.windows.WToolkit" />
    <property name="sun.stdout.encoding" value="cp866" />
    <property name="user.script" value="" />
    <property name="main.class" value="Main" />
    <property name="user.home" value="C:\Users\rroog" />
    <property name="java.specification.vendor" value="Oracle Corporation" />
    <property name="test" value="src/test" />
    <property name="java.library.path" value="C:\Program Files\Java\jdk1.8.0_161\bin;C:\WINDOWS\Sun\Java\bin;C:\WINDOWS\system32;C:\WINDOWS;C:\Program Files\NVIDIA GPU Computing Toolkit\CUDA\v11.2\bin;C:\Program Files\NVIDIA GPU Computing Toolkit\CUDA\v11.2\libnvvp;E:\Setup\DateBase\WINDOWS.X64_193000_db_home\bin;C:\Program Files (x86)\Microsoft Visual Studio\Shared\Python37_64\Scripts\;C:\Program Files (x86)\Common Files\Oracle\Java\javapath;C:\Windows\system32;C:\Windows;C:\Windows\System32\Wbem;C:\Windows\System32\WindowsPowerShell\v1.0\;C:\Windows\System32\OpenSSH\;C:\Program Files (x86)\NVIDIA Corporation\PhysX\Common;C:\Program Files\Java\jdk1.8.0_161\bin;C:\Program Files (x86)\Java\jre1.8.0_221\bin;C:\Program Files (x86)\Microsoft Visual Studio\Shared\Python37_64\;C:\Program Files (x86)\Python\Python37-32;C:\WINDOWS\system32;C:\WINDOWS;C:\WINDOWS\System32\Wbem;C:\WINDOWS\System32\WindowsPowerShell\v1.0\;C:\WINDOWS\System32\OpenSSH\;C:\Program Files\MiKTeX 2.9\miktex\bin\x64\;C:\Program Files (x86)\HP\Common\HPDestPlgIn\;C:\Program Files (x86)\HP\IdrsOCR_15.2.10.1114\;C:\Program Files\dotnet\;C:\Program Files\Microsoft SQL Server\130\Tools\Binn\;C:\Program Files\Microsoft SQL Server\Client SDK\ODBC\170\Tools\Binn\;C:\Program Files\Git\cmd;C:\ProgramData\chocolatey\bin;;C:\Program Files\NVIDIA Corporation\NVIDIA NvDLISR;C:\Program Files\nodejs\;C:\Program Files\NVIDIA Corporation\Nsight Compute 2020.3.1\;C:\Program Files\Docker\Docker\resources\bin;C:\ProgramData\DockerDesktop\version-bin;C:\Users\rroog\AppData\Local\Microsoft\WindowsApps;C:\Program Files\JetBrains\PyCharm Community Edition 2019.2.3\bin;C:\Users\rroog\AppData\Local\GitHubDesktop\bin;C:\Program Files\JetBrains\IntelliJ IDEA 2019.2.3\bin;;C:\Users\rroog\AppData\Local\Microsoft\WindowsApps;C:\Program Files (x86)\HP\Common\HPDestPlgIn\;C:\Users\rroog\AppData\Roaming\npm;C:\Program Files\mingw-w64\x86_64-8.1.0-posix-seh-rt_v6-rev0\mingw64\bin;C:\Program Files\Apache-ant\apache-ant-1.10.10\bin;;." />
    <property name="java.vendor.url" value="http://java.oracle.com/" />
    <property name="java.vm.vendor" value="Oracle Corporation" />
    <property name="java.runtime.name" value="Java(TM) SE Runtime Environment" />
    <property name="sun.java.command" value="org.apache.tools.ant.launch.Launcher -cp .; test" />
    <property name="java.class.path" value="C:\Program Files\Apache-ant\apache-ant-1.10.10\bin\..\lib\ant-launcher.jar;C:\MyProjects\Java\Web\AntLab3\.\;C:\Program Files\Apache-ant\apache-ant-1.10.10\lib\ant-antlr.jar;C:\Program Files\Apache-ant\apache-ant-1.10.10\lib\ant-apache-bcel.jar;C:\Program Files\Apache-ant\apache-ant-1.10.10\lib\ant-apache-bsf.jar;C:\Program Files\Apache-ant\apache-ant-1.10.10\lib\ant-apache-log4j.jar;C:\Program Files\Apache-ant\apache-ant-1.10.10\lib\ant-apache-oro.jar;C:\Program Files\Apache-ant\apache-ant-1.10.10\lib\ant-apache-regexp.jar;C:\Program Files\Apache-ant\apache-ant-1.10.10\lib\ant-apache-resolver.jar;C:\Program Files\Apache-ant\apache-ant-1.10.10\lib\ant-apache-xalan2.jar;C:\Program Files\Apache-ant\apache-ant-1.10.10\lib\ant-commons-logging.jar;C:\Program Files\Apache-ant\apache-ant-1.10.10\lib\ant-commons-net.jar;C:\Program Files\Apache-ant\apache-ant-1.10.10\lib\ant-imageio.jar;C:\Program Files\Apache-ant\apache-ant-1.10.10\lib\ant-jai.jar;C:\Program Files\Apache-ant\apache-ant-1.10.10\lib\ant-javamail.jar;C:\Program Files\Apache-ant\apache-ant-1.10.10\lib\ant-jdepend.jar;C:\Program Files\Apache-ant\apache-ant-1.10.10\lib\ant-jmf.jar;C:\Program Files\Apache-ant\apache-ant-1.10.10\lib\ant-jsch.jar;C:\Program Files\Apache-ant\apache-ant-1.10.10\lib\ant-junit.jar;C:\Program Files\Apache-ant\apache-ant-1.10.10\lib\ant-junit4.jar;C:\Program Files\Apache-ant\apache-ant-1.10.10\lib\ant-junitlauncher.jar;C:\Program Files\Apache-ant\apache-ant-1.10.10\lib\ant-launcher.jar;C:\Program Files\Apache-ant\apache-ant-1.10.10\lib\ant-netrexx.jar;C:\Program Files\Apache-ant\apache-ant-1.10.10\lib\ant-swing.jar;C:\Program Files\Apache-ant\apache-ant-1.10.10\lib\ant-testutil.jar;C:\Program Files\Apache-ant\apache-ant-1.10.10\lib\ant-xz.jar;C:\Program Files\Apache-ant\apache-ant-1.10.10\lib\ant.jar;C:\Program Files\Java\jdk1.8.0_161\lib\tools.jar" />
    <property name="ant.version" value="Apache Ant(TM) version 1.10.10 compiled on April 12 2021" />
    <property name="java.vm.specification.name" value="Java Virtual Machine Specification" />
    <property name="ant.file.type" value="file" />
    <property name="java.vm.specification.version" value="1.8" />
    <property name="sun.cpu.endian" value="little" />
    <property name="sun.os.patch.level" value="" />
    <property name="java.io.tmpdir" value="C:\Users\rroog\AppData\Local\Temp\" />
    <property name="java.vendor.url.bug" value="http://bugreport.sun.com/bugreport/" />
    <property name="ant.file.AntLab3" value="C:\MyProjects\Java\Web\AntLab3\build.xml" />
    <property name="os.arch" value="amd64" />
    <property name="java.awt.graphicsenv" value="sun.awt.Win32GraphicsEnvironment" />
    <property name="build.alt" value="prev" />
    <property name="java.ext.dirs" value="C:\Program Files\Java\jdk1.8.0_161\jre\lib\ext;C:\WINDOWS\Sun\Java\lib\ext" />
    <property name="user.dir" value="C:\MyProjects\Java\Web\AntLab3" />
    <property name="log.lib" value="lib/slf4j-api-1.7.11.jar" />
    <property name="line.separator" value="&#xd;&#xa;" />
    <property name="java.vm.name" value="Java HotSpot(TM) 64-Bit Server VM" />
    <property name="basedir" value="C:\MyProjects\Java\Web\AntLab3" />
    <property name="ant.java.version" value="1.8" />
    <property name="ant.core.lib" value="C:\Program Files\Apache-ant\apache-ant-1.10.10\lib\ant.jar" />
    <property name="file.encoding" value="Cp1251" />
    <property name="sun.stderr.encoding" value="cp866" />
    <property name="java.specification.version" value="1.8" />
    <property name="ant.project.invoked-targets" value="test" />
  </properties>
  <testcase classname="ShotTest" name="checkTriangle" time="0.0" />
  <testcase classname="ShotTest" name="checkCircle" time="0.0" />
  <testcase classname="ShotTest" name="checkRandNegNeg" time="0.0" />
  <testcase classname="ShotTest" name="checkRandNegPos" time="0.0" />
  <testcase classname="ShotTest" name="checkAxes" time="0.0" />
  <testcase classname="ShotTest" name="checkVoid" time="0.0" />
  <testcase classname="ShotTest" name="checkRandPosNeg" time="0.0" />
  <testcase classname="ShotTest" name="checkRandPosPos" time="0.0" />
  <testcase classname="ShotTest" name="checkSquare" time="0.0" />
  <system-out><![CDATA[]]></system-out>
  <system-err><![CDATA[]]></system-err>
</testsuite>
